[debug] [2022-05-18T20:39:44.112Z] ----------------------------------------------------------------------
[debug] [2022-05-18T20:39:44.114Z] Command:       /usr/bin/node /usr/bin/firebase init
[debug] [2022-05-18T20:39:44.114Z] CLI Version:   10.9.2
[debug] [2022-05-18T20:39:44.114Z] Platform:      linux
[debug] [2022-05-18T20:39:44.114Z] Node Version:  v16.15.0
[debug] [2022-05-18T20:39:44.115Z] Time:          Wed May 18 2022 23:39:44 GMT+0300 (East Africa Time)
[debug] [2022-05-18T20:39:44.115Z] ----------------------------------------------------------------------
[debug] 
[debug] [2022-05-18T20:39:44.178Z] > command requires scopes: ["email","openid","https://www.googleapis.com/auth/cloudplatformprojects.readonly","https://www.googleapis.com/auth/firebase","https://www.googleapis.com/auth/cloud-platform"]
[debug] [2022-05-18T20:39:44.179Z] > authorizing via signed-in user (muhindokiro@gmail.com)
[info] 
     ######## #### ########  ######## ########     ###     ######  ########
     ##        ##  ##     ## ##       ##     ##  ##   ##  ##       ##
     ######    ##  ########  ######   ########  #########  ######  ######
     ##        ##  ##    ##  ##       ##     ## ##     ##       ## ##
     ##       #### ##     ## ######## ########  ##     ##  ######  ########

You're about to initialize a Firebase project in this directory:

  /home/kiro/Documents/project1/ng-template

Before we get started, keep in mind:

  * You are initializing within an existing Firebase project directory

